2023-03-05 19:20:33,028 - START
2023-03-05 19:20:36,057 - 0001:       Bulbasaur = Bulbasaur
2023-03-05 19:20:37,097 - 0002:         Ivysaur = Ivysaur
2023-03-05 19:20:38,122 - 0003:        Venusaur = Venusaur
2023-03-05 19:20:38,675 - 0003:        Venusaur = Mega Venusaur
2023-03-05 19:20:40,009 - 0004:      Charmander = Charmander
2023-03-05 19:20:40,914 - 0005:      Charmeleon = Charmeleon
2023-03-05 19:20:42,186 - 0006:       Charizard = Charizard
2023-03-05 19:20:42,683 - 0006:       Charizard = Mega Charizard X
2023-03-05 19:20:43,333 - 0006:       Charizard = Mega Charizard Y
2023-03-05 19:20:44,296 - 0007:        Squirtle = Squirtle
2023-03-05 19:20:45,175 - 0008:       Wartortle = Wartortle
2023-03-05 19:20:46,218 - 0009:       Blastoise = Blastoise
2023-03-05 19:20:46,982 - 0009:       Blastoise = Mega Blastoise
2023-03-05 19:20:47,965 - 0010:        Caterpie = Caterpie
2023-03-05 19:20:48,925 - 0011:         Metapod = Metapod
2023-03-05 19:20:50,289 - 0012:      Butterfree = Butterfree
2023-03-05 19:20:51,302 - 0013:          Weedle = Weedle
2023-03-05 19:20:52,229 - 0014:          Kakuna = Kakuna
2023-03-05 19:20:53,109 - 0015:        Beedrill = Beedrill
2023-03-05 19:20:53,620 - 0015:        Beedrill = Mega Beedrill
2023-03-05 19:20:54,743 - 0016:          Pidgey = Pidgey
2023-03-05 19:20:55,652 - 0017:       Pidgeotto = Pidgeotto
2023-03-05 19:20:56,621 - 0018:         Pidgeot = Pidgeot
2023-03-05 19:20:57,409 - 0018:         Pidgeot = Mega Pidgeot
2023-03-05 19:20:58,315 - 0019:         Rattata = Rattata
2023-03-05 19:20:58,877 - 0019:         Rattata = Alolan Rattata
2023-03-05 19:21:00,476 - 0020:        Raticate = Raticate
2023-03-05 19:21:00,890 - 0020:        Raticate = Alolan Raticate
2023-03-05 19:21:02,605 - 0021:         Spearow = Spearow
2023-03-05 19:21:03,366 - 0022:          Fearow = Fearow
2023-03-05 19:21:04,346 - 0023:           Ekans = Ekans
2023-03-05 19:21:05,388 - 0024:           Arbok = Arbok
2023-03-05 19:21:06,346 - 0025:         Pikachu = Pikachu
2023-03-05 19:21:06,884 - 0025:         Pikachu = Partner Pikachu
2023-03-05 19:21:08,123 - 0026:          Raichu = Raichu
2023-03-05 19:21:08,876 - 0026:          Raichu = Alolan Raichu
2023-03-05 19:21:10,217 - 0027:       Sandshrew = Sandshrew
2023-03-05 19:21:10,662 - 0027:       Sandshrew = Alolan Sandshrew
2023-03-05 19:21:12,150 - 0028:       Sandslash = Sandslash
2023-03-05 19:21:12,700 - 0028:       Sandslash = Alolan Sandslash
2023-03-05 19:21:13,819 - 0029: Nidoran\u2640 (Female) = Nidoran\u2640 (Female)
2023-03-05 19:21:14,707 - 0030:        Nidorina = Nidorina
2023-03-05 19:21:15,641 - 0031:       Nidoqueen = Nidoqueen
2023-03-05 19:21:16,519 - 0032: Nidoran\u2642 (Male) = Nidoran\u2642 (Male)
2023-03-05 19:21:17,487 - 0033:        Nidorino = Nidorino
2023-03-05 19:21:18,492 - 0034:        Nidoking = Nidoking
2023-03-05 19:21:19,380 - 0035:        Clefairy = Clefairy
2023-03-05 19:21:20,455 - 0036:        Clefable = Clefable
2023-03-05 19:21:21,426 - 0037:          Vulpix = Vulpix
2023-03-05 19:21:21,946 - 0037:          Vulpix = Alolan Vulpix
2023-03-05 19:21:23,095 - 0038:       Ninetales = Ninetales
2023-03-05 19:21:23,618 - 0038:       Ninetales = Alolan Ninetales
2023-03-05 19:21:25,053 - 0039:      Jigglypuff = Jigglypuff
2023-03-05 19:21:25,920 - 0040:      Wigglytuff = Wigglytuff
2023-03-05 19:21:26,835 - 0041:           Zubat = Zubat
2023-03-05 19:21:27,731 - 0042:          Golbat = Golbat
2023-03-05 19:21:28,989 - 0043:          Oddish = Oddish
2023-03-05 19:21:29,870 - 0044:           Gloom = Gloom
2023-03-05 19:21:30,734 - 0045:       Vileplume = Vileplume
2023-03-05 19:21:31,687 - 0046:           Paras = Paras
2023-03-05 19:21:32,572 - 0047:        Parasect = Parasect
2023-03-05 19:21:33,566 - 0048:         Venonat = Venonat
2023-03-05 19:21:34,423 - 0049:        Venomoth = Venomoth
2023-03-05 19:21:35,420 - 0050:         Diglett = Diglett
2023-03-05 19:21:35,959 - 0050:         Diglett = Alolan Diglett
2023-03-05 19:21:37,180 - 0051:         Dugtrio = Dugtrio
2023-03-05 19:21:37,972 - 0051:         Dugtrio = Alolan Dugtrio
2023-03-05 19:21:39,291 - 0052:          Meowth = Meowth
2023-03-05 19:21:39,891 - 0052:          Meowth = Alolan Meowth
2023-03-05 19:21:40,481 - 0052:          Meowth = Galarian Meowth
2023-03-05 19:21:41,475 - 0053:         Persian = Persian
2023-03-05 19:21:42,063 - 0053:         Persian = Alolan Persian
2023-03-05 19:21:43,104 - 0054:         Psyduck = Psyduck
2023-03-05 19:21:43,976 - 0055:         Golduck = Golduck
2023-03-05 19:21:44,973 - 0056:          Mankey = Mankey
2023-03-05 19:21:45,840 - 0057:        Primeape = Primeape
2023-03-05 19:21:46,926 - 0058:       Growlithe = Growlithe
2023-03-05 19:21:47,480 - 0058:       Growlithe = Hisuian Growlithe
2023-03-05 19:21:48,654 - 0059:        Arcanine = Arcanine
2023-03-05 19:21:49,456 - 0059:        Arcanine = Hisuian Arcanine
2023-03-05 19:21:50,408 - 0060:         Poliwag = Poliwag
2023-03-05 19:21:51,388 - 0061:       Poliwhirl = Poliwhirl
2023-03-05 19:21:52,320 - 0062:       Poliwrath = Poliwrath
2023-03-05 19:21:53,318 - 0063:            Abra = Abra
2023-03-05 19:21:54,398 - 0064:         Kadabra = Kadabra
2023-03-05 19:21:55,293 - 0065:        Alakazam = Alakazam
2023-03-05 19:21:55,922 - 0065:        Alakazam = Mega Alakazam
2023-03-05 19:21:56,907 - 0066:          Machop = Machop
2023-03-05 19:21:57,803 - 0067:         Machoke = Machoke
2023-03-05 19:21:58,752 - 0068:         Machamp = Machamp
2023-03-05 19:21:59,638 - 0069:      Bellsprout = Bellsprout
2023-03-05 19:22:00,572 - 0070:      Weepinbell = Weepinbell
2023-03-05 19:22:01,457 - 0071:      Victreebel = Victreebel
2023-03-05 19:22:02,442 - 0072:       Tentacool = Tentacool
2023-03-05 19:22:03,473 - 0073:      Tentacruel = Tentacruel
2023-03-05 19:22:04,470 - 0074:         Geodude = Geodude
2023-03-05 19:22:05,002 - 0074:         Geodude = Alolan Geodude
2023-03-05 19:22:06,142 - 0075:        Graveler = Graveler
2023-03-05 19:22:06,877 - 0075:        Graveler = Alolan Graveler
2023-03-05 19:22:07,839 - 0076:           Golem = Golem
2023-03-05 19:22:08,588 - 0076:           Golem = Alolan Golem
2023-03-05 19:22:09,552 - 0077:          Ponyta = Ponyta
2023-03-05 19:22:10,090 - 0077:          Ponyta = Galarian Ponyta
2023-03-05 19:22:10,921 - 0078:        Rapidash = Rapidash
2023-03-05 19:22:11,567 - 0078:        Rapidash = Galarian Rapidash
2023-03-05 19:22:12,661 - 0079:        Slowpoke = Slowpoke
2023-03-05 19:22:13,202 - 0079:        Slowpoke = Galarian Slowpoke
2023-03-05 19:22:14,212 - 0080:         Slowbro = Slowbro
2023-03-05 19:22:14,782 - 0080:         Slowbro = Mega Slowbro
2023-03-05 19:22:15,251 - 0080:         Slowbro = Galarian Slowbro
2023-03-05 19:22:16,168 - 0081:       Magnemite = Magnemite
2023-03-05 19:22:17,116 - 0082:        Magneton = Magneton
2023-03-05 19:22:18,482 - 0083:      Farfetch'D = Farfetch'd
2023-03-05 19:22:19,024 - 0083:      Farfetch'D = Galarian Farfetch'd
2023-03-05 19:22:20,031 - 0084:           Doduo = Doduo
2023-03-05 19:22:20,990 - 0085:          Dodrio = Dodrio
2023-03-05 19:22:21,852 - 0086:            Seel = Seel
2023-03-05 19:22:22,879 - 0087:         Dewgong = Dewgong
2023-03-05 19:22:23,765 - 0088:          Grimer = Grimer
2023-03-05 19:22:24,281 - 0088:          Grimer = Alolan Grimer
2023-03-05 19:22:25,498 - 0089:             Muk = Muk
2023-03-05 19:22:26,046 - 0089:             Muk = Alolan Muk
2023-03-05 19:22:26,952 - 0090:        Shellder = Shellder
2023-03-05 19:22:28,053 - 0091:        Cloyster = Cloyster
2023-03-05 19:22:28,922 - 0092:          Gastly = Gastly
2023-03-05 19:22:29,896 - 0093:         Haunter = Haunter
2023-03-05 19:22:30,937 - 0094:          Gengar = Gengar
2023-03-05 19:22:31,463 - 0094:          Gengar = Mega Gengar
2023-03-05 19:22:32,409 - 0095:            Onix = Onix
2023-03-05 19:22:33,454 - 0096:         Drowzee = Drowzee
2023-03-05 19:22:34,339 - 0097:           Hypno = Hypno
2023-03-05 19:22:35,257 - 0098:          Krabby = Krabby
2023-03-05 19:22:36,260 - 0099:         Kingler = Kingler
2023-03-05 19:22:37,168 - 0100:         Voltorb = Voltorb
2023-03-05 19:22:37,677 - 0100:         Voltorb = Hisuian Voltorb
2023-03-05 19:22:38,650 - 0101:       Electrode = Electrode
2023-03-05 19:22:39,190 - 0101:       Electrode = Hisuian Electrode
2023-03-05 19:22:40,120 - 0102:       Exeggcute = Exeggcute
2023-03-05 19:22:41,071 - 0103:       Exeggutor = Exeggutor
2023-03-05 19:22:41,591 - 0103:       Exeggutor = Alolan Exeggutor
2023-03-05 19:22:42,725 - 0104:          Cubone = Cubone
2023-03-05 19:22:43,712 - 0105:         Marowak = Marowak
2023-03-05 19:22:44,469 - 0105:         Marowak = Alolan Marowak
2023-03-05 19:22:45,706 - 0106:       Hitmonlee = Hitmonlee
2023-03-05 19:22:46,574 - 0107:      Hitmonchan = Hitmonchan
2023-03-05 19:22:47,453 - 0108:       Lickitung = Lickitung
2023-03-05 19:22:48,324 - 0109:         Koffing = Koffing
2023-03-05 19:22:49,357 - 0110:         Weezing = Weezing
2023-03-05 19:22:50,032 - 0110:         Weezing = Galarian Weezing
2023-03-05 19:22:51,072 - 0111:         Rhyhorn = Rhyhorn
2023-03-05 19:22:52,024 - 0112:          Rhydon = Rhydon
2023-03-05 19:22:52,909 - 0113:         Chansey = Chansey
2023-03-05 19:22:54,010 - 0114:         Tangela = Tangela
2023-03-05 19:22:55,398 - 0115:      Kangaskhan = Kangaskhan
2023-03-05 19:22:56,100 - 0115:      Kangaskhan = Mega Kangaskhan
2023-03-05 19:22:57,052 - 0116:          Horsea = Horsea
2023-03-05 19:22:58,041 - 0117:          Seadra = Seadra
2023-03-05 19:22:58,991 - 0118:         Goldeen = Goldeen
2023-03-05 19:23:00,247 - 0119:         Seaking = Seaking
2023-03-05 19:23:01,185 - 0120:          Staryu = Staryu
2023-03-05 19:23:02,178 - 0121:         Starmie = Starmie
2023-03-05 19:23:03,514 - 0122:        Mr. Mime = Mr. Mime
2023-03-05 19:23:04,279 - 0122:        Mr. Mime = Galarian Mr. Mime
2023-03-05 19:23:05,180 - 0123:         Scyther = Scyther
2023-03-05 19:23:06,272 - 0124:            Jynx = Jynx
2023-03-05 19:23:07,230 - 0125:      Electabuzz = Electabuzz
2023-03-05 19:23:08,234 - 0126:          Magmar = Magmar
2023-03-05 19:23:09,132 - 0127:          Pinsir = Pinsir
2023-03-05 19:23:09,670 - 0127:          Pinsir = Mega Pinsir
2023-03-05 19:23:11,118 - 0128:          Tauros = Tauros
2023-03-05 19:23:11,647 - 0128:          Tauros = Combat Breed
2023-03-05 19:23:12,071 - 0128:          Tauros = Blaze Breed
2023-03-05 19:23:12,646 - 0128:          Tauros = Aqua Breed
2023-03-05 19:23:13,927 - 0129:        Magikarp = Magikarp
2023-03-05 19:23:14,828 - 0130:        Gyarados = Gyarados
2023-03-05 19:23:15,372 - 0130:        Gyarados = Mega Gyarados
2023-03-05 19:23:16,275 - 0131:          Lapras = Lapras
2023-03-05 19:23:17,316 - 0132:           Ditto = Ditto
2023-03-05 19:23:18,229 - 0133:           Eevee = Eevee
2023-03-05 19:23:18,781 - 0133:           Eevee = Partner Eevee
2023-03-05 19:23:19,870 - 0134:        Vaporeon = Vaporeon
2023-03-05 19:23:20,721 - 0135:         Jolteon = Jolteon
2023-03-05 19:23:21,689 - 0136:         Flareon = Flareon
2023-03-05 19:23:22,663 - 0137:         Porygon = Porygon
2023-03-05 19:23:23,651 - 0138:         Omanyte = Omanyte
2023-03-05 19:23:24,685 - 0139:         Omastar = Omastar
2023-03-05 19:23:25,683 - 0140:          Kabuto = Kabuto
2023-03-05 19:23:26,702 - 0141:        Kabutops = Kabutops
2023-03-05 19:23:27,603 - 0142:      Aerodactyl = Aerodactyl
2023-03-05 19:23:28,125 - 0142:      Aerodactyl = Mega Aerodactyl
2023-03-05 19:23:29,042 - 0143:         Snorlax = Snorlax
2023-03-05 19:23:30,020 - 0144:        Articuno = Articuno
2023-03-05 19:23:30,547 - 0144:        Articuno = Galarian Articuno
2023-03-05 19:23:31,683 - 0145:          Zapdos = Zapdos
2023-03-05 19:23:32,271 - 0145:          Zapdos = Galarian Zapdos
2023-03-05 19:23:33,445 - 0146:         Moltres = Moltres
2023-03-05 19:23:34,277 - 0146:         Moltres = Galarian Moltres
2023-03-05 19:23:35,114 - 0147:         Dratini = Dratini
2023-03-05 19:23:36,115 - 0148:       Dragonair = Dragonair
2023-03-05 19:23:37,124 - 0149:       Dragonite = Dragonite
2023-03-05 19:23:38,223 - 0150:          Mewtwo = Mewtwo
2023-03-05 19:23:38,835 - 0150:          Mewtwo = Mega Mewtwo X
2023-03-05 19:23:39,284 - 0150:          Mewtwo = Mega Mewtwo Y
2023-03-05 19:23:40,797 - 0151:             Mew = Mew
2023-03-05 19:23:41,839 - 0152:       Chikorita = Chikorita
2023-03-05 19:23:42,818 - 0153:         Bayleef = Bayleef
2023-03-05 19:23:43,849 - 0154:        Meganium = Meganium
2023-03-05 19:23:44,752 - 0155:       Cyndaquil = Cyndaquil
2023-03-05 19:23:45,733 - 0156:         Quilava = Quilava
2023-03-05 19:23:46,860 - 0157:      Typhlosion = Typhlosion
2023-03-05 19:23:47,445 - 0157:      Typhlosion = Hisuian Typhlosion
2023-03-05 19:23:52,127 - 0158:        Totodile = Totodile
2023-03-05 19:23:53,772 - 0159:        Croconaw = Croconaw
2023-03-05 19:23:54,543 - 0160:      Feraligatr = Feraligatr
2023-03-05 19:23:55,942 - 0161:         Sentret = Sentret
2023-03-05 19:23:57,642 - 0162:          Furret = Furret
2023-03-05 19:23:58,541 - 0163:        Hoothoot = Hoothoot
2023-03-05 19:24:00,039 - 0164:         Noctowl = Noctowl
2023-03-05 19:24:01,174 - 0165:          Ledyba = Ledyba
2023-03-05 19:24:02,110 - 0166:          Ledian = Ledian
2023-03-05 19:24:03,224 - 0167:        Spinarak = Spinarak
2023-03-05 19:24:04,595 - 0168:         Ariados = Ariados
2023-03-05 19:24:05,910 - 0169:          Crobat = Crobat
2023-03-05 19:24:07,380 - 0170:        Chinchou = Chinchou
2023-03-05 19:24:08,642 - 0171:         Lanturn = Lanturn
2023-03-05 19:24:10,459 - 0172:           Pichu = Pichu
2023-03-05 19:24:11,661 - 0173:          Cleffa = Cleffa
2023-03-05 19:24:12,924 - 0174:       Igglybuff = Igglybuff
2023-03-05 19:24:14,341 - 0175:          Togepi = Togepi
2023-03-05 19:24:15,811 - 0176:         Togetic = Togetic
2023-03-05 19:24:17,143 - 0177:            Natu = Natu
2023-03-05 19:24:18,595 - 0178:            Xatu = Xatu
2023-03-05 19:24:20,022 - 0179:          Mareep = Mareep
2023-03-05 19:24:21,168 - 0180:         Flaaffy = Flaaffy
2023-03-05 19:24:22,210 - 0181:        Ampharos = Ampharos
2023-03-05 19:24:22,814 - 0181:        Ampharos = Mega Ampharos
2023-03-05 19:24:24,272 - 0182:       Bellossom = Bellossom
2023-03-05 19:24:25,581 - 0183:          Marill = Marill
2023-03-05 19:24:26,962 - 0184:       Azumarill = Azumarill
2023-03-05 19:24:28,308 - 0185:       Sudowoodo = Sudowoodo
2023-03-05 19:24:29,681 - 0186:        Politoed = Politoed
2023-03-05 19:24:31,024 - 0187:          Hoppip = Hoppip
2023-03-05 19:24:32,338 - 0188:        Skiploom = Skiploom
2023-03-05 19:24:33,655 - 0189:        Jumpluff = Jumpluff
2023-03-05 19:24:35,374 - 0190:           Aipom = Aipom
2023-03-05 19:24:36,630 - 0191:         Sunkern = Sunkern
2023-03-05 19:24:38,022 - 0192:        Sunflora = Sunflora
2023-03-05 19:24:39,324 - 0193:           Yanma = Yanma
2023-03-05 19:24:40,738 - 0194:          Wooper = Wooper
2023-03-05 19:24:41,494 - 0194:          Wooper = Paldean Wooper
2023-03-05 19:24:42,797 - 0195:        Quagsire = Quagsire
2023-03-05 19:24:44,009 - 0196:          Espeon = Espeon
2023-03-05 19:24:44,991 - 0197:         Umbreon = Umbreon
2023-03-05 19:24:46,314 - 0198:         Murkrow = Murkrow
2023-03-05 19:24:47,775 - 0199:        Slowking = Slowking
2023-03-05 19:24:48,409 - 0199:        Slowking = Galarian Slowking
2023-03-05 19:24:49,794 - 0200:      Misdreavus = Misdreavus
2023-03-05 19:24:51,065 - 0201:           Unown = Unown
2023-03-05 19:24:52,320 - 0202:       Wobbuffet = Wobbuffet
2023-03-05 19:24:53,235 - 0203:       Girafarig = Girafarig
2023-03-05 19:24:54,601 - 0204:          Pineco = Pineco
2023-03-05 19:24:55,894 - 0205:      Forretress = Forretress
2023-03-05 19:24:57,228 - 0206:       Dunsparce = Dunsparce
2023-03-05 19:24:58,592 - 0207:          Gligar = Gligar
2023-03-05 19:24:59,552 - 0208:         Steelix = Steelix
2023-03-05 19:25:00,106 - 0208:         Steelix = Mega Steelix
2023-03-05 19:25:01,509 - 0209:        Snubbull = Snubbull
2023-03-05 19:25:02,808 - 0210:        Granbull = Granbull
2023-03-05 19:25:04,134 - 0211:        Qwilfish = Qwilfish
2023-03-05 19:25:04,668 - 0211:        Qwilfish = Hisuian Qwilfish
2023-03-05 19:25:06,286 - 0212:          Scizor = Scizor
2023-03-05 19:25:06,845 - 0212:          Scizor = Mega Scizor
2023-03-05 19:25:08,121 - 0213:         Shuckle = Shuckle
2023-03-05 19:25:09,398 - 0214:       Heracross = Heracross
2023-03-05 19:25:10,172 - 0214:       Heracross = Mega Heracross
2023-03-05 19:25:11,509 - 0215:         Sneasel = Sneasel
2023-03-05 19:25:12,109 - 0215:         Sneasel = Hisuian Sneasel
2023-03-05 19:25:13,465 - 0216:       Teddiursa = Teddiursa
2023-03-05 19:25:14,749 - 0217:        Ursaring = Ursaring
2023-03-05 19:25:16,043 - 0218:          Slugma = Slugma
2023-03-05 19:25:17,400 - 0219:        Magcargo = Magcargo
2023-03-05 19:25:18,723 - 0220:          Swinub = Swinub
2023-03-05 19:25:20,041 - 0221:       Piloswine = Piloswine
2023-03-05 19:25:23,563 - 0222:         Corsola = Corsola
2023-03-05 19:25:23,986 - 0222:         Corsola = Galarian Corsola
2023-03-05 19:25:24,906 - 0223:        Remoraid = Remoraid
2023-03-05 19:25:25,915 - 0224:       Octillery = Octillery
2023-03-05 19:25:27,366 - 0225:        Delibird = Delibird
2023-03-05 19:25:28,370 - 0226:         Mantine = Mantine
2023-03-05 19:25:29,803 - 0227:        Skarmory = Skarmory
2023-03-05 19:25:31,248 - 0228:        Houndour = Houndour
2023-03-05 19:25:33,535 - 0229:        Houndoom = Houndoom
2023-03-05 19:25:34,098 - 0229:        Houndoom = Mega Houndoom
2023-03-05 19:25:35,069 - 0230:         Kingdra = Kingdra
2023-03-05 19:25:36,404 - 0231:          Phanpy = Phanpy
2023-03-05 19:25:37,360 - 0232:         Donphan = Donphan
2023-03-05 19:25:38,723 - 0233:        Porygon2 = Porygon2
2023-03-05 19:25:40,031 - 0234:        Stantler = Stantler
2023-03-05 19:25:41,391 - 0235:        Smeargle = Smeargle
2023-03-05 19:25:42,737 - 0236:         Tyrogue = Tyrogue
2023-03-05 19:25:43,994 - 0237:       Hitmontop = Hitmontop
2023-03-05 19:25:45,299 - 0238:        Smoochum = Smoochum
2023-03-05 19:25:46,286 - 0239:          Elekid = Elekid
2023-03-05 19:25:47,584 - 0240:           Magby = Magby
2023-03-05 19:25:49,224 - 0241:         Miltank = Miltank
2023-03-05 19:25:50,465 - 0242:         Blissey = Blissey
2023-03-05 19:25:51,814 - 0243:          Raikou = Raikou
2023-03-05 19:25:53,133 - 0244:           Entei = Entei
2023-03-05 19:25:54,471 - 0245:         Suicune = Suicune
2023-03-05 19:25:55,631 - 0246:        Larvitar = Larvitar
2023-03-05 19:25:56,986 - 0247:         Pupitar = Pupitar
2023-03-05 19:25:57,922 - 0248:       Tyranitar = Tyranitar
2023-03-05 19:25:58,581 - 0248:       Tyranitar = Mega Tyranitar
2023-03-05 19:25:59,547 - 0249:           Lugia = Lugia
2023-03-05 19:26:01,023 - 0250:           Ho-Oh = Ho-Oh
2023-03-05 19:26:02,155 - 0251:          Celebi = Celebi
2023-03-05 19:26:03,337 - 0252:         Treecko = Treecko
2023-03-05 19:26:04,577 - 0253:         Grovyle = Grovyle
2023-03-05 19:26:05,907 - 0254:        Sceptile = Sceptile
2023-03-05 19:26:06,652 - 0254:        Sceptile = Mega Sceptile
2023-03-05 19:26:07,865 - 0255:         Torchic = Torchic
2023-03-05 19:26:09,105 - 0256:       Combusken = Combusken
2023-03-05 19:26:10,439 - 0257:        Blaziken = Blaziken
2023-03-05 19:26:11,099 - 0257:        Blaziken = Mega Blaziken
2023-03-05 19:26:12,505 - 0258:          Mudkip = Mudkip
2023-03-05 19:26:13,732 - 0259:       Marshtomp = Marshtomp
2023-03-05 19:26:15,140 - 0260:        Swampert = Swampert
2023-03-05 19:26:15,925 - 0260:        Swampert = Mega Swampert
2023-03-05 19:26:17,046 - 0261:       Poochyena = Poochyena
2023-03-05 19:26:18,352 - 0262:       Mightyena = Mightyena
2023-03-05 19:26:19,625 - 0263:       Zigzagoon = Zigzagoon
2023-03-05 19:26:20,289 - 0263:       Zigzagoon = Galarian Zigzagoon
2023-03-05 19:26:21,529 - 0264:         Linoone = Linoone
2023-03-05 19:26:22,303 - 0264:         Linoone = Galarian Linoone
2023-03-05 19:26:23,577 - 0265:         Wurmple = Wurmple
2023-03-05 19:26:24,973 - 0266:         Silcoon = Silcoon
2023-03-05 19:26:26,341 - 0267:       Beautifly = Beautifly
2023-03-05 19:26:27,639 - 0268:         Cascoon = Cascoon
2023-03-05 19:26:28,894 - 0269:          Dustox = Dustox
2023-03-05 19:26:30,243 - 0270:           Lotad = Lotad
2023-03-05 19:26:31,594 - 0271:          Lombre = Lombre
2023-03-05 19:26:33,135 - 0272:        Ludicolo = Ludicolo
2023-03-05 19:26:34,489 - 0273:          Seedot = Seedot
2023-03-05 19:26:35,703 - 0274:         Nuzleaf = Nuzleaf
2023-03-05 19:26:37,090 - 0275:         Shiftry = Shiftry
2023-03-05 19:26:38,537 - 0276:         Taillow = Taillow
2023-03-05 19:26:39,796 - 0277:         Swellow = Swellow
2023-03-05 19:26:40,984 - 0278:         Wingull = Wingull
2023-03-05 19:26:42,397 - 0279:        Pelipper = Pelipper
2023-03-05 19:26:43,643 - 0280:           Ralts = Ralts
2023-03-05 19:26:45,755 - 0281:          Kirlia = Kirlia
2023-03-05 19:26:46,688 - 0282:       Gardevoir = Gardevoir
2023-03-05 19:26:47,448 - 0282:       Gardevoir = Mega Gardevoir
2023-03-05 19:26:49,422 - 0283:         Surskit = Surskit
2023-03-05 19:26:50,647 - 0284:      Masquerain = Masquerain
2023-03-05 19:26:51,923 - 0285:       Shroomish = Shroomish
2023-03-05 19:26:53,161 - 0286:         Breloom = Breloom
2023-03-05 19:26:54,602 - 0287:         Slakoth = Slakoth
2023-03-05 19:26:55,497 - 0288:        Vigoroth = Vigoroth
2023-03-05 19:26:56,383 - 0289:         Slaking = Slaking
2023-03-05 19:26:57,609 - 0290:         Nincada = Nincada
2023-03-05 19:26:58,969 - 0291:         Ninjask = Ninjask
2023-03-05 19:27:08,639 - 0292:        Shedinja = Shedinja
2023-03-05 19:27:10,122 - 0293:         Whismur = Whismur
2023-03-05 19:27:11,228 - 0294:         Loudred = Loudred
2023-03-05 19:27:12,127 - 0295:         Exploud = Exploud
2023-03-05 19:27:13,497 - 0296:        Makuhita = Makuhita
2023-03-05 19:27:14,688 - 0297:        Hariyama = Hariyama
2023-03-05 19:27:15,882 - 0298:         Azurill = Azurill
2023-03-05 19:27:16,696 - 0299:        Nosepass = Nosepass
2023-03-05 19:27:17,922 - 0300:          Skitty = Skitty
2023-03-05 19:27:19,176 - 0301:        Delcatty = Delcatty
2023-03-05 19:27:20,120 - 0302:         Sableye = Sableye
2023-03-05 19:27:20,748 - 0302:         Sableye = Mega Sableye
2023-03-05 19:27:22,201 - 0303:          Mawile = Mawile
2023-03-05 19:27:22,772 - 0303:          Mawile = Mega Mawile
2023-03-05 19:27:23,569 - 0304:            Aron = Aron
2023-03-05 19:27:25,641 - 0305:          Lairon = Lairon
2023-03-05 19:27:26,593 - 0306:          Aggron = Aggron
2023-03-05 19:27:27,280 - 0306:          Aggron = Mega Aggron
2023-03-05 19:27:28,539 - 0307:        Meditite = Meditite
2023-03-05 19:27:29,753 - 0308:        Medicham = Medicham
2023-03-05 19:27:30,634 - 0308:        Medicham = Mega Medicham
2023-03-05 19:27:31,785 - 0309:       Electrike = Electrike
2023-03-05 19:27:32,850 - 0310:       Manectric = Manectric
2023-03-05 19:27:33,489 - 0310:       Manectric = Mega Manectric
2023-03-05 19:27:34,822 - 0311:          Plusle = Plusle
2023-03-05 19:27:35,737 - 0312:           Minun = Minun
2023-03-05 19:27:36,958 - 0313:         Volbeat = Volbeat
2023-03-05 19:27:38,173 - 0314:        Illumise = Illumise
2023-03-05 19:27:39,359 - 0315:         Roselia = Roselia
2023-03-05 19:27:40,163 - 0316:          Gulpin = Gulpin
2023-03-05 19:27:40,995 - 0317:          Swalot = Swalot
2023-03-05 19:27:42,170 - 0318:        Carvanha = Carvanha
2023-03-05 19:27:43,436 - 0319:        Sharpedo = Sharpedo
2023-03-05 19:27:44,046 - 0319:        Sharpedo = Mega Sharpedo
2023-03-05 19:27:45,206 - 0320:         Wailmer = Wailmer
2023-03-05 19:27:46,374 - 0321:         Wailord = Wailord
2023-03-05 19:27:47,665 - 0322:           Numel = Numel
2023-03-05 19:27:48,917 - 0323:        Camerupt = Camerupt
2023-03-05 19:27:49,630 - 0323:        Camerupt = Mega Camerupt
2023-03-05 19:27:50,951 - 0324:         Torkoal = Torkoal
2023-03-05 19:27:52,230 - 0325:          Spoink = Spoink
2023-03-05 19:27:53,700 - 0326:         Grumpig = Grumpig
2023-03-05 19:27:55,551 - 0327:          Spinda = Spinda
2023-03-05 19:27:57,468 - 0328:        Trapinch = Trapinch
2023-03-05 19:27:59,865 - 0329:         Vibrava = Vibrava
2023-03-05 19:28:01,576 - 0330:          Flygon = Flygon
2023-03-05 19:28:03,564 - 0331:          Cacnea = Cacnea
2023-03-05 19:28:05,063 - 0332:        Cacturne = Cacturne
2023-03-05 19:28:06,334 - 0333:          Swablu = Swablu
2023-03-05 19:28:07,503 - 0334:         Altaria = Altaria
2023-03-05 19:28:08,275 - 0334:         Altaria = Mega Altaria
2023-03-05 19:28:09,343 - 0335:        Zangoose = Zangoose
2023-03-05 19:28:10,298 - 0336:         Seviper = Seviper
2023-03-05 19:28:11,203 - 0337:        Lunatone = Lunatone
2023-03-05 19:28:12,144 - 0338:         Solrock = Solrock
2023-03-05 19:28:13,152 - 0339:        Barboach = Barboach
2023-03-05 19:28:14,304 - 0340:        Whiscash = Whiscash
2023-03-05 19:28:15,739 - 0341:        Corphish = Corphish
2023-03-05 19:28:16,688 - 0342:       Crawdaunt = Crawdaunt
2023-03-05 19:28:17,614 - 0343:          Baltoy = Baltoy
2023-03-05 19:28:19,223 - 0344:         Claydol = Claydol
2023-03-05 19:28:20,984 - 0345:          Lileep = Lileep
2023-03-05 19:28:22,386 - 0346:         Cradily = Cradily
2023-03-05 19:28:23,449 - 0347:         Anorith = Anorith
2023-03-05 19:28:24,594 - 0348:         Armaldo = Armaldo
2023-03-05 19:28:26,071 - 0349:          Feebas = Feebas
2023-03-05 19:28:27,381 - 0350:         Milotic = Milotic
2023-03-05 19:28:28,666 - 0351:        Castform = Castform
2023-03-05 19:28:29,914 - 0351:        Castform = Sunny Form
2023-03-05 19:28:30,590 - 0351:        Castform = Rainy Form
2023-03-05 19:28:31,167 - 0351:        Castform = Snowy Form
2023-03-05 19:28:32,197 - 0352:         Kecleon = Kecleon
2023-03-05 19:28:33,387 - 0353:         Shuppet = Shuppet
2023-03-05 19:28:34,341 - 0354:         Banette = Banette
2023-03-05 19:28:35,265 - 0354:         Banette = Mega Banette
2023-03-05 19:28:36,176 - 0355:         Duskull = Duskull
2023-03-05 19:28:37,058 - 0356:        Dusclops = Dusclops
2023-03-05 19:28:38,026 - 0357:         Tropius = Tropius
2023-03-05 19:28:39,069 - 0358:        Chimecho = Chimecho
2023-03-05 19:28:40,146 - 0359:           Absol = Absol
2023-03-05 19:28:41,067 - 0359:           Absol = Mega Absol
2023-03-05 19:28:41,902 - 0360:          Wynaut = Wynaut
2023-03-05 19:28:42,789 - 0361:         Snorunt = Snorunt
2023-03-05 19:28:44,152 - 0362:          Glalie = Glalie
2023-03-05 19:28:45,098 - 0362:          Glalie = Mega Glalie
2023-03-05 19:28:45,977 - 0363:          Spheal = Spheal
2023-03-05 19:28:46,901 - 0364:          Sealeo = Sealeo
2023-03-05 19:28:47,753 - 0365:         Walrein = Walrein
2023-03-05 19:28:48,787 - 0366:        Clamperl = Clamperl
2023-03-05 19:28:49,766 - 0367:         Huntail = Huntail
2023-03-05 19:28:50,740 - 0368:        Gorebyss = Gorebyss
2023-03-05 19:28:51,700 - 0369:       Relicanth = Relicanth
2023-03-05 19:28:52,691 - 0370:         Luvdisc = Luvdisc
2023-03-05 19:28:53,516 - 0371:           Bagon = Bagon
2023-03-05 19:28:54,422 - 0372:         Shelgon = Shelgon
2023-03-05 19:28:55,449 - 0373:       Salamence = Salamence
2023-03-05 19:28:56,353 - 0373:       Salamence = Mega Salamence
2023-03-05 19:28:57,237 - 0374:          Beldum = Beldum
2023-03-05 19:28:58,121 - 0375:          Metang = Metang
2023-03-05 19:28:59,053 - 0376:       Metagross = Metagross
2023-03-05 19:28:59,930 - 0376:       Metagross = Mega Metagross
2023-03-05 19:29:00,850 - 0377:        Regirock = Regirock
2023-03-05 19:29:01,748 - 0378:          Regice = Regice
2023-03-05 19:29:03,014 - 0379:       Registeel = Registeel
2023-03-05 19:29:03,928 - 0380:          Latias = Latias
2023-03-05 19:29:04,541 - 0380:          Latias = Mega Latias
2023-03-05 19:29:05,865 - 0381:          Latios = Latios
2023-03-05 19:29:06,550 - 0381:          Latios = Mega Latios
2023-03-05 19:29:07,589 - 0382:          Kyogre = Kyogre
2023-03-05 19:29:08,479 - 0382:          Kyogre = Primal Kyogre
2023-03-05 19:29:09,661 - 0383:         Groudon = Groudon
2023-03-05 19:29:10,314 - 0383:         Groudon = Primal Groudon
2023-03-05 19:29:11,491 - 0384:        Rayquaza = Rayquaza
2023-03-05 19:29:12,539 - 0384:        Rayquaza = Mega Rayquaza
2023-03-05 19:29:13,398 - 0385:         Jirachi = Jirachi
2023-03-05 19:29:14,524 - 0386:          Deoxys = Normal Forme
2023-03-05 19:29:15,470 - 0386:          Deoxys = Attack Forme
2023-03-05 19:29:16,001 - 0386:          Deoxys = Defense Forme
2023-03-05 19:29:16,511 - 0386:          Deoxys = Speed Forme
2023-03-05 19:29:17,575 - 0387:         Turtwig = Turtwig
2023-03-05 19:29:18,469 - 0388:          Grotle = Grotle
2023-03-05 19:29:19,376 - 0389:        Torterra = Torterra
2023-03-05 19:29:20,299 - 0390:        Chimchar = Chimchar
2023-03-05 19:29:21,552 - 0391:        Monferno = Monferno
2023-03-05 19:29:22,462 - 0392:       Infernape = Infernape
2023-03-05 19:29:23,344 - 0393:          Piplup = Piplup
2023-03-05 19:29:24,204 - 0394:        Prinplup = Prinplup
2023-03-05 19:29:25,186 - 0395:        Empoleon = Empoleon
2023-03-05 19:29:26,326 - 0396:          Starly = Starly
2023-03-05 19:29:27,267 - 0397:        Staravia = Staravia
2023-03-05 19:29:28,168 - 0398:       Staraptor = Staraptor
2023-03-05 19:29:29,388 - 0399:          Bidoof = Bidoof
2023-03-05 19:29:30,604 - 0400:         Bibarel = Bibarel
2023-03-05 19:29:31,612 - 0401:       Kricketot = Kricketot
2023-03-05 19:29:32,534 - 0402:      Kricketune = Kricketune
2023-03-05 19:29:33,394 - 0403:           Shinx = Shinx
2023-03-05 19:29:34,288 - 0404:           Luxio = Luxio
2023-03-05 19:29:35,143 - 0405:          Luxray = Luxray
2023-03-05 19:29:36,073 - 0406:           Budew = Budew
2023-03-05 19:29:37,505 - 0407:        Roserade = Roserade
2023-03-05 19:29:38,322 - 0408:        Cranidos = Cranidos
2023-03-05 19:29:39,266 - 0409:       Rampardos = Rampardos
2023-03-05 19:29:40,209 - 0410:        Shieldon = Shieldon
2023-03-05 19:29:41,094 - 0411:       Bastiodon = Bastiodon
2023-03-05 19:29:42,061 - 0412:           Burmy = Plant Cloak
2023-03-05 19:29:42,923 - 0412:           Burmy = Sandy Cloak
2023-03-05 19:29:43,423 - 0412:           Burmy = Trash Cloak
2023-03-05 19:29:44,255 - 0413:        Wormadam = Plant Cloak
2023-03-05 19:29:44,874 - 0413:        Wormadam = Sandy Cloak
2023-03-05 19:29:45,318 - 0413:        Wormadam = Trash Cloak
2023-03-05 19:29:46,092 - 0414:          Mothim = Mothim
2023-03-05 19:29:47,044 - 0415:          Combee = Combee
2023-03-05 19:29:47,942 - 0416:       Vespiquen = Vespiquen
2023-03-05 19:29:49,212 - 0417:       Pachirisu = Pachirisu
2023-03-05 19:29:50,411 - 0418:          Buizel = Buizel
2023-03-05 19:29:51,311 - 0419:        Floatzel = Floatzel
2023-03-05 19:29:52,262 - 0420:         Cherubi = Cherubi
2023-03-05 19:29:53,306 - 0421:         Cherrim = Cherrim
2023-03-05 19:29:54,297 - 0422:         Shellos = Shellos
2023-03-05 19:29:55,156 - 0423:       Gastrodon = Gastrodon
2023-03-05 19:29:56,034 - 0424:         Ambipom = Ambipom
2023-03-05 19:30:05,061 - 0425:        Drifloon = Drifloon
2023-03-05 19:30:06,830 - 0426:        Drifblim = Drifblim
2023-03-05 19:30:07,909 - 0427:         Buneary = Buneary
2023-03-05 19:30:08,871 - 0428:         Lopunny = Lopunny
2023-03-05 19:30:09,602 - 0428:         Lopunny = Mega Lopunny
2023-03-05 19:30:10,749 - 0429:       Mismagius = Mismagius
2023-03-05 19:30:11,764 - 0430:       Honchkrow = Honchkrow
2023-03-05 19:30:12,679 - 0431:         Glameow = Glameow
2023-03-05 19:30:13,587 - 0432:         Purugly = Purugly
2023-03-05 19:30:14,492 - 0433:       Chingling = Chingling
2023-03-05 19:30:15,397 - 0434:          Stunky = Stunky
2023-03-05 19:30:16,303 - 0435:        Skuntank = Skuntank
2023-03-05 19:30:17,579 - 0436:         Bronzor = Bronzor
2023-03-05 19:30:18,805 - 0437:        Bronzong = Bronzong
2023-03-05 19:30:20,070 - 0438:          Bonsly = Bonsly
2023-03-05 19:30:21,323 - 0439:        Mime Jr. = Mime Jr.
2023-03-05 19:30:22,568 - 0440:         Happiny = Happiny
2023-03-05 19:30:23,789 - 0441:          Chatot = Chatot
2023-03-05 19:30:25,021 - 0442:       Spiritomb = Spiritomb
2023-03-05 19:30:25,915 - 0443:           Gible = Gible
2023-03-05 19:30:26,868 - 0444:          Gabite = Gabite
2023-03-05 19:30:27,838 - 0445:        Garchomp = Garchomp
2023-03-05 19:30:28,651 - 0445:        Garchomp = Mega Garchomp
2023-03-05 19:30:29,800 - 0446:        Munchlax = Munchlax
2023-03-05 19:30:31,024 - 0447:           Riolu = Riolu
2023-03-05 19:30:32,307 - 0448:         Lucario = Lucario
2023-03-05 19:30:32,879 - 0448:         Lucario = Mega Lucario
2023-03-05 19:30:34,085 - 0449:      Hippopotas = Hippopotas
2023-03-05 19:30:35,265 - 0450:       Hippowdon = Hippowdon
2023-03-05 19:30:36,534 - 0451:         Skorupi = Skorupi
2023-03-05 19:30:37,753 - 0452:         Drapion = Drapion
2023-03-05 19:30:39,053 - 0453:        Croagunk = Croagunk
2023-03-05 19:30:40,288 - 0454:       Toxicroak = Toxicroak
2023-03-05 19:30:41,575 - 0455:       Carnivine = Carnivine
2023-03-05 19:30:42,806 - 0456:         Finneon = Finneon
2023-03-05 19:30:44,018 - 0457:        Lumineon = Lumineon
2023-03-05 19:30:45,192 - 0458:         Mantyke = Mantyke
2023-03-05 19:30:46,412 - 0459:          Snover = Snover
2023-03-05 19:30:47,785 - 0460:       Abomasnow = Abomasnow
2023-03-05 19:30:48,502 - 0460:       Abomasnow = Mega Abomasnow
2023-03-05 19:30:49,725 - 0461:         Weavile = Weavile
2023-03-05 19:30:50,919 - 0462:       Magnezone = Magnezone
2023-03-05 19:30:52,189 - 0463:      Lickilicky = Lickilicky
2023-03-05 19:30:53,370 - 0464:       Rhyperior = Rhyperior
2023-03-05 19:30:54,747 - 0465:       Tangrowth = Tangrowth
2023-03-05 19:30:56,013 - 0466:      Electivire = Electivire
2023-03-05 19:30:57,261 - 0467:       Magmortar = Magmortar
2023-03-05 19:30:58,309 - 0468:        Togekiss = Togekiss
2023-03-05 19:30:59,540 - 0469:         Yanmega = Yanmega
2023-03-05 19:31:00,518 - 0470:         Leafeon = Leafeon
2023-03-05 19:31:01,745 - 0471:         Glaceon = Glaceon
2023-03-05 19:31:02,627 - 0472:         Gliscor = Gliscor
2023-03-05 19:31:03,849 - 0473:       Mamoswine = Mamoswine
2023-03-05 19:31:05,213 - 0474:       Porygon-Z = Porygon-Z
2023-03-05 19:31:06,449 - 0475:         Gallade = Gallade
2023-03-05 19:31:06,958 - 0475:         Gallade = Mega Gallade
2023-03-05 19:31:08,795 - 0476:       Probopass = Probopass
2023-03-05 19:31:10,003 - 0477:        Dusknoir = Dusknoir
2023-03-05 19:31:11,181 - 0478:        Froslass = Froslass
2023-03-05 19:31:12,522 - 0479:           Rotom = Rotom
2023-03-05 19:31:13,150 - 0479:           Rotom = Heat Rotom
2023-03-05 19:31:13,615 - 0479:           Rotom = Wash Rotom
2023-03-05 19:31:14,032 - 0479:           Rotom = Frost Rotom
2023-03-05 19:31:14,455 - 0479:           Rotom = Fan Rotom
2023-03-05 19:31:14,877 - 0479:           Rotom = Mow Rotom
2023-03-05 19:31:16,086 - 0480:            Uxie = Uxie
2023-03-05 19:31:17,280 - 0481:         Mesprit = Mesprit
2023-03-05 19:31:18,620 - 0482:           Azelf = Azelf
2023-03-05 19:31:19,548 - 0483:          Dialga = Dialga
2023-03-05 19:31:20,178 - 0483:          Dialga = Origin Forme
2023-03-05 19:31:21,652 - 0484:          Palkia = Palkia
2023-03-05 19:31:22,240 - 0484:          Palkia = Origin Forme
2023-03-05 19:31:23,409 - 0485:         Heatran = Heatran
2023-03-05 19:31:24,786 - 0486:       Regigigas = Regigigas
2023-03-05 19:31:26,027 - 0487:        Giratina = Altered Forme
2023-03-05 19:31:26,466 - 0487:        Giratina = Origin Forme
2023-03-05 19:31:27,609 - 0488:       Cresselia = Cresselia
2023-03-05 19:31:29,062 - 0489:          Phione = Phione
2023-03-05 19:31:30,474 - 0490:         Manaphy = Manaphy
2023-03-05 19:31:31,404 - 0491:         Darkrai = Darkrai
2023-03-05 19:31:32,347 - 0492:         Shaymin = Land Forme
2023-03-05 19:31:32,981 - 0492:         Shaymin = Sky Forme
2023-03-05 19:31:33,985 - 0493:          Arceus = Arceus
2023-03-05 19:31:34,842 - 0494:         Victini = Victini
2023-03-05 19:31:36,126 - 0495:           Snivy = Snivy
2023-03-05 19:31:37,328 - 0496:         Servine = Servine
2023-03-05 19:31:38,705 - 0497:       Serperior = Serperior
2023-03-05 19:31:40,052 - 0498:           Tepig = Tepig
2023-03-05 19:31:41,500 - 0499:         Pignite = Pignite
2023-03-05 19:31:42,861 - 0500:          Emboar = Emboar
2023-03-05 19:31:44,119 - 0501:        Oshawott = Oshawott
2023-03-05 19:31:45,070 - 0502:          Dewott = Dewott
2023-03-05 19:31:46,170 - 0503:        Samurott = Samurott
2023-03-05 19:31:46,956 - 0503:        Samurott = Hisuian Samurott
2023-03-05 19:31:47,859 - 0504:          Patrat = Patrat
2023-03-05 19:31:48,706 - 0505:         Watchog = Watchog
2023-03-05 19:31:49,661 - 0506:        Lillipup = Lillipup
2023-03-05 19:31:50,649 - 0507:         Herdier = Herdier
2023-03-05 19:31:51,671 - 0508:       Stoutland = Stoutland
2023-03-05 19:31:52,539 - 0509:        Purrloin = Purrloin
2023-03-05 19:31:53,851 - 0510:         Liepard = Liepard
2023-03-05 19:31:54,722 - 0511:         Pansage = Pansage
2023-03-05 19:31:55,672 - 0512:        Simisage = Simisage
2023-03-05 19:31:56,992 - 0513:         Pansear = Pansear
2023-03-05 19:31:58,356 - 0514:        Simisear = Simisear
2023-03-05 19:31:59,364 - 0515:         Panpour = Panpour
2023-03-05 19:32:00,423 - 0516:        Simipour = Simipour
2023-03-05 19:32:01,435 - 0517:           Munna = Munna
2023-03-05 19:32:02,461 - 0518:        Musharna = Musharna
2023-03-05 19:32:03,438 - 0519:          Pidove = Pidove
2023-03-05 19:32:04,799 - 0520:       Tranquill = Tranquill
2023-03-05 19:32:07,570 - 0521:        Unfezant = Unfezant
2023-03-05 19:32:08,436 - 0522:         Blitzle = Blitzle
2023-03-05 19:32:09,295 - 0523:       Zebstrika = Zebstrika
2023-03-05 19:32:10,273 - 0524:      Roggenrola = Roggenrola
2023-03-05 19:32:11,668 - 0525:         Boldore = Boldore
2023-03-05 19:32:12,733 - 0526:        Gigalith = Gigalith
2023-03-05 19:32:14,056 - 0527:          Woobat = Woobat
2023-03-05 19:32:15,283 - 0528:         Swoobat = Swoobat
2023-03-05 19:32:16,289 - 0529:         Drilbur = Drilbur
2023-03-05 19:32:17,246 - 0530:       Excadrill = Excadrill
2023-03-05 19:32:18,304 - 0531:          Audino = Audino
2023-03-05 19:32:18,886 - 0531:          Audino = Mega Audino
2023-03-05 19:32:20,349 - 0532:         Timburr = Timburr
2023-03-05 19:32:21,548 - 0533:         Gurdurr = Gurdurr
2023-03-05 19:32:22,514 - 0534:      Conkeldurr = Conkeldurr
2023-03-05 19:32:23,830 - 0535:         Tympole = Tympole
2023-03-05 19:32:25,094 - 0536:       Palpitoad = Palpitoad
2023-03-05 19:32:26,114 - 0537:      Seismitoad = Seismitoad
2023-03-05 19:32:27,083 - 0538:           Throh = Throh
2023-03-05 19:32:27,949 - 0539:            Sawk = Sawk
2023-03-05 19:32:28,901 - 0540:        Sewaddle = Sewaddle
2023-03-05 19:32:29,944 - 0541:        Swadloon = Swadloon
2023-03-05 19:32:30,833 - 0542:        Leavanny = Leavanny
2023-03-05 19:32:31,783 - 0543:        Venipede = Venipede
2023-03-05 19:32:32,634 - 0544:      Whirlipede = Whirlipede
2023-03-05 19:32:34,020 - 0545:       Scolipede = Scolipede
2023-03-05 19:32:35,255 - 0546:        Cottonee = Cottonee
2023-03-05 19:32:36,597 - 0547:      Whimsicott = Whimsicott
2023-03-05 19:32:37,859 - 0548:         Petilil = Petilil
2023-03-05 19:32:39,225 - 0549:       Lilligant = Lilligant
2023-03-05 19:32:39,880 - 0549:       Lilligant = Hisuian Lilligant
2023-03-05 19:32:41,171 - 0550:        Basculin = Red-Striped Form
2023-03-05 19:32:41,922 - 0550:        Basculin = Blue-Striped Form
2023-03-05 19:32:42,370 - 0550:        Basculin = White-Striped Form
2023-03-05 19:32:43,533 - 0551:         Sandile = Sandile
2023-03-05 19:32:44,771 - 0552:        Krokorok = Krokorok
2023-03-05 19:32:45,681 - 0553:      Krookodile = Krookodile
2023-03-05 19:32:46,669 - 0554:        Darumaka = Darumaka
2023-03-05 19:32:47,451 - 0554:        Darumaka = Galarian Darumaka
2023-03-05 19:32:48,476 - 0555:      Darmanitan = Standard Mode
2023-03-05 19:32:49,116 - 0555:      Darmanitan = Zen Mode
2023-03-05 19:32:49,649 - 0555:      Darmanitan = Galarian Standard Mode
2023-03-05 19:32:50,087 - 0555:      Darmanitan = Galarian Zen Mode
2023-03-05 19:32:51,257 - 0556:        Maractus = Maractus
2023-03-05 19:32:52,604 - 0557:         Dwebble = Dwebble
2023-03-05 19:32:53,978 - 0558:         Crustle = Crustle
2023-03-05 19:32:55,238 - 0559:         Scraggy = Scraggy
2023-03-05 19:32:56,302 - 0560:         Scrafty = Scrafty
2023-03-05 19:32:57,631 - 0561:        Sigilyph = Sigilyph
2023-03-05 19:32:58,933 - 0562:          Yamask = Yamask
2023-03-05 19:32:59,499 - 0562:          Yamask = Galarian Yamask
2023-03-05 19:33:00,405 - 0563:      Cofagrigus = Cofagrigus
2023-03-05 19:33:01,380 - 0564:        Tirtouga = Tirtouga
2023-03-05 19:33:02,424 - 0565:      Carracosta = Carracosta
2023-03-05 19:33:03,823 - 0566:          Archen = Archen
2023-03-05 19:33:05,273 - 0567:        Archeops = Archeops
2023-03-05 19:33:06,620 - 0568:        Trubbish = Trubbish
2023-03-05 19:33:07,491 - 0569:        Garbodor = Garbodor
2023-03-05 19:33:08,892 - 0570:           Zorua = Zorua
2023-03-05 19:33:09,504 - 0570:           Zorua = Hisuian Zorua
2023-03-05 19:33:10,464 - 0571:         Zoroark = Zoroark
2023-03-05 19:33:11,263 - 0571:         Zoroark = Hisuian Zoroark
2023-03-05 19:33:12,369 - 0572:        Minccino = Minccino
2023-03-05 19:33:13,705 - 0573:        Cinccino = Cinccino
2023-03-05 19:33:14,924 - 0574:         Gothita = Gothita
2023-03-05 19:33:16,261 - 0575:       Gothorita = Gothorita
2023-03-05 19:33:17,597 - 0576:      Gothitelle = Gothitelle
2023-03-05 19:33:18,812 - 0577:         Solosis = Solosis
2023-03-05 19:33:20,222 - 0578:         Duosion = Duosion
2023-03-05 19:33:21,074 - 0579:       Reuniclus = Reuniclus
2023-03-05 19:33:22,394 - 0580:        Ducklett = Ducklett
2023-03-05 19:33:23,651 - 0581:          Swanna = Swanna
2023-03-05 19:33:24,985 - 0582:       Vanillite = Vanillite
2023-03-05 19:33:26,276 - 0583:       Vanillish = Vanillish
2023-03-05 19:33:27,675 - 0584:       Vanilluxe = Vanilluxe
2023-03-05 19:33:28,951 - 0585:        Deerling = Deerling
2023-03-05 19:33:30,348 - 0586:        Sawsbuck = Sawsbuck
2023-03-05 19:33:31,649 - 0587:          Emolga = Emolga
2023-03-05 19:33:32,596 - 0588:      Karrablast = Karrablast
2023-03-05 19:33:33,969 - 0589:      Escavalier = Escavalier
2023-03-05 19:33:35,294 - 0590:         Foongus = Foongus
2023-03-05 19:33:36,230 - 0591:       Amoonguss = Amoonguss
2023-03-05 19:33:37,213 - 0592:        Frillish = Frillish
2023-03-05 19:33:38,246 - 0593:       Jellicent = Jellicent
2023-03-05 19:33:39,584 - 0594:       Alomomola = Alomomola
2023-03-05 19:33:40,428 - 0595:          Joltik = Joltik
2023-03-05 19:33:41,364 - 0596:      Galvantula = Galvantula
2023-03-05 19:33:42,250 - 0597:       Ferroseed = Ferroseed
2023-03-05 19:33:43,564 - 0598:      Ferrothorn = Ferrothorn
2023-03-05 19:33:44,957 - 0599:           Klink = Klink
2023-03-05 19:33:46,388 - 0600:           Klang = Klang
2023-03-05 19:33:47,732 - 0601:       Klinklang = Klinklang
2023-03-05 19:33:48,671 - 0602:          Tynamo = Tynamo
2023-03-05 19:33:49,616 - 0603:       Eelektrik = Eelektrik
2023-03-05 19:33:50,533 - 0604:      Eelektross = Eelektross
2023-03-05 19:33:51,888 - 0605:          Elgyem = Elgyem
2023-03-05 19:33:53,310 - 0606:        Beheeyem = Beheeyem
2023-03-05 19:33:54,643 - 0607:         Litwick = Litwick
2023-03-05 19:33:55,879 - 0608:         Lampent = Lampent
2023-03-05 19:33:57,252 - 0609:      Chandelure = Chandelure
2023-03-05 19:33:58,528 - 0610:            Axew = Axew
2023-03-05 19:33:59,457 - 0611:         Fraxure = Fraxure
2023-03-05 19:34:00,455 - 0612:         Haxorus = Haxorus
2023-03-05 19:34:01,829 - 0613:         Cubchoo = Cubchoo
2023-03-05 19:34:04,126 - 0614:         Beartic = Beartic
2023-03-05 19:34:05,340 - 0615:       Cryogonal = Cryogonal
2023-03-05 19:34:06,258 - 0616:         Shelmet = Shelmet
2023-03-05 19:34:07,680 - 0617:        Accelgor = Accelgor
2023-03-05 19:34:08,687 - 0618:        Stunfisk = Stunfisk
2023-03-05 19:34:09,227 - 0618:        Stunfisk = Galarian Stunfisk
2023-03-05 19:34:10,136 - 0619:         Mienfoo = Mienfoo
2023-03-05 19:34:11,154 - 0620:        Mienshao = Mienshao
2023-03-05 19:34:12,145 - 0621:       Druddigon = Druddigon
2023-03-05 19:34:13,142 - 0622:          Golett = Golett
2023-03-05 19:34:14,097 - 0623:          Golurk = Golurk
2023-03-05 19:34:15,088 - 0624:        Pawniard = Pawniard
2023-03-05 19:34:16,084 - 0625:         Bisharp = Bisharp
2023-03-05 19:34:16,994 - 0626:      Bouffalant = Bouffalant
2023-03-05 19:34:18,152 - 0627:         Rufflet = Rufflet
2023-03-05 19:34:19,459 - 0628:        Braviary = Braviary
2023-03-05 19:34:19,989 - 0628:        Braviary = Hisuian Braviary
2023-03-05 19:34:21,523 - 0629:         Vullaby = Vullaby
2023-03-05 19:34:22,810 - 0630:       Mandibuzz = Mandibuzz
2023-03-05 19:34:23,745 - 0631:         Heatmor = Heatmor
2023-03-05 19:34:24,702 - 0632:          Durant = Durant
2023-03-05 19:34:26,046 - 0633:           Deino = Deino
2023-03-05 19:34:26,970 - 0634:        Zweilous = Zweilous
2023-03-05 19:34:27,927 - 0635:       Hydreigon = Hydreigon
2023-03-05 19:34:29,288 - 0636:        Larvesta = Larvesta
2023-03-05 19:34:30,209 - 0637:       Volcarona = Volcarona
2023-03-05 19:34:31,519 - 0638:        Cobalion = Cobalion
2023-03-05 19:34:32,797 - 0639:       Terrakion = Terrakion
2023-03-05 19:34:34,206 - 0640:        Virizion = Virizion
2023-03-05 19:34:35,673 - 0641:        Tornadus = Incarnate Forme
2023-03-05 19:34:36,471 - 0641:        Tornadus = Therian Forme
2023-03-05 19:34:37,720 - 0642:       Thundurus = Incarnate Forme
2023-03-05 19:34:38,326 - 0642:       Thundurus = Therian Forme
2023-03-05 19:34:39,111 - 0643:        Reshiram = Reshiram
2023-03-05 19:34:40,484 - 0644:          Zekrom = Zekrom
2023-03-05 19:34:41,890 - 0645:        Landorus = Incarnate Forme
2023-03-05 19:34:42,658 - 0645:        Landorus = Therian Forme
2023-03-05 19:34:43,480 - 0646:          Kyurem = Kyurem
2023-03-05 19:34:44,243 - 0646:          Kyurem = White Kyurem
2023-03-05 19:34:44,677 - 0646:          Kyurem = Black Kyurem
2023-03-05 19:34:46,004 - 0647:          Keldeo = Ordinary Form
2023-03-05 19:34:46,565 - 0647:          Keldeo = Resolute Form
2023-03-05 19:34:48,013 - 0648:        Meloetta = Aria Forme
2023-03-05 19:34:48,784 - 0648:        Meloetta = Pirouette Forme
2023-03-05 19:34:49,692 - 0649:        Genesect = Genesect
2023-03-05 19:34:51,025 - 0650:         Chespin = Chespin
2023-03-05 19:34:52,576 - 0651:       Quilladin = Quilladin
2023-03-05 19:34:53,630 - 0652:      Chesnaught = Chesnaught
2023-03-05 19:34:54,854 - 0653:        Fennekin = Fennekin
2023-03-05 19:34:56,151 - 0654:         Braixen = Braixen
2023-03-05 19:34:57,501 - 0655:         Delphox = Delphox
2023-03-05 19:34:58,749 - 0656:         Froakie = Froakie
2023-03-05 19:34:59,746 - 0657:       Frogadier = Frogadier
2023-03-05 19:35:00,699 - 0658:        Greninja = Greninja
2023-03-05 19:35:01,247 - 0658:        Greninja = Ash-Greninja
2023-03-05 19:35:02,687 - 0659:        Bunnelby = Bunnelby
2023-03-05 19:35:03,612 - 0660:       Diggersby = Diggersby
2023-03-05 19:35:04,615 - 0661:      Fletchling = Fletchling
2023-03-05 19:35:05,631 - 0662:     Fletchinder = Fletchinder
2023-03-05 19:35:06,542 - 0663:      Talonflame = Talonflame
2023-03-05 19:35:07,527 - 0664:      Scatterbug = Scatterbug
2023-03-05 19:35:08,733 - 0665:          Spewpa = Spewpa
2023-03-05 19:35:10,117 - 0666:        Vivillon = Vivillon
2023-03-05 19:35:11,466 - 0667:          Litleo = Litleo
2023-03-05 19:35:12,306 - 0668:          Pyroar = Pyroar
2023-03-05 19:35:13,649 - 0669:         Flabébé = Flabébé
2023-03-05 19:35:14,668 - 0670:         Floette = Floette
2023-03-05 19:35:15,552 - 0671:         Florges = Florges
2023-03-05 19:35:16,479 - 0672:          Skiddo = Skiddo
2023-03-05 19:35:17,417 - 0673:          Gogoat = Gogoat
2023-03-05 19:35:18,402 - 0674:         Pancham = Pancham
2023-03-05 19:35:19,461 - 0675:         Pangoro = Pangoro
2023-03-05 19:35:20,465 - 0676:         Furfrou = Furfrou
2023-03-05 19:35:21,450 - 0677:          Espurr = Espurr
2023-03-05 19:35:22,794 - 0678:        Meowstic = Male
2023-03-05 19:35:23,492 - 0678:        Meowstic = Female
2023-03-05 19:35:24,704 - 0679:         Honedge = Honedge
2023-03-05 19:35:25,693 - 0680:        Doublade = Doublade
2023-03-05 19:35:27,085 - 0681:       Aegislash = Shield Forme
2023-03-05 19:35:27,653 - 0681:       Aegislash = Blade Forme
2023-03-05 19:35:28,746 - 0682:        Spritzee = Spritzee
2023-03-05 19:35:29,598 - 0683:      Aromatisse = Aromatisse
2023-03-05 19:35:30,575 - 0684:         Swirlix = Swirlix
2023-03-05 19:35:31,894 - 0685:        Slurpuff = Slurpuff
2023-03-05 19:35:33,297 - 0686:           Inkay = Inkay
2023-03-05 19:35:34,554 - 0687:         Malamar = Malamar
2023-03-05 19:35:35,856 - 0688:         Binacle = Binacle
2023-03-05 19:35:37,286 - 0689:      Barbaracle = Barbaracle
2023-03-05 19:35:38,683 - 0690:          Skrelp = Skrelp
2023-03-05 19:35:40,015 - 0691:        Dragalge = Dragalge
2023-03-05 19:35:41,329 - 0692:       Clauncher = Clauncher
2023-03-05 19:35:42,657 - 0693:       Clawitzer = Clawitzer
2023-03-05 19:35:43,996 - 0694:      Helioptile = Helioptile
2023-03-05 19:35:45,299 - 0695:       Heliolisk = Heliolisk
2023-03-05 19:35:47,587 - 0696:          Tyrunt = Tyrunt
2023-03-05 19:35:48,794 - 0697:       Tyrantrum = Tyrantrum
2023-03-05 19:35:49,721 - 0698:          Amaura = Amaura
2023-03-05 19:35:50,699 - 0699:         Aurorus = Aurorus
2023-03-05 19:35:51,734 - 0700:         Sylveon = Sylveon
2023-03-05 19:35:52,652 - 0701:        Hawlucha = Hawlucha
2023-03-05 19:35:53,670 - 0702:         Dedenne = Dedenne
2023-03-05 19:35:55,099 - 0703:         Carbink = Carbink
2023-03-05 19:35:56,416 - 0704:           Goomy = Goomy
2023-03-05 19:35:57,694 - 0705:         Sliggoo = Sliggoo
2023-03-05 19:35:58,232 - 0705:         Sliggoo = Hisuian Sliggoo
2023-03-05 19:35:59,368 - 0706:          Goodra = Goodra
2023-03-05 19:35:59,928 - 0706:          Goodra = Hisuian Goodra
2023-03-05 19:36:01,362 - 0707:          Klefki = Klefki
2023-03-05 19:36:02,602 - 0708:        Phantump = Phantump
2023-03-05 19:36:03,583 - 0709:       Trevenant = Trevenant
2023-03-05 19:36:05,002 - 0710:       Pumpkaboo = Average Size
2023-03-05 19:36:05,801 - 0710:       Pumpkaboo = Small Size
2023-03-05 19:36:06,234 - 0710:       Pumpkaboo = Large Size
2023-03-05 19:36:06,677 - 0710:       Pumpkaboo = Super Size
2023-03-05 19:36:08,031 - 0711:       Gourgeist = Average Size
2023-03-05 19:36:08,600 - 0711:       Gourgeist = Small Size
2023-03-05 19:36:09,207 - 0711:       Gourgeist = Large Size
2023-03-05 19:36:09,646 - 0711:       Gourgeist = Super Size
2023-03-05 19:36:11,377 - 0712:        Bergmite = Bergmite
2023-03-05 19:36:12,833 - 0713:         Avalugg = Avalugg
2023-03-05 19:36:13,389 - 0713:         Avalugg = Hisuian Avalugg
2023-03-05 19:36:14,934 - 0714:          Noibat = Noibat
2023-03-05 19:36:15,925 - 0715:         Noivern = Noivern
2023-03-05 19:36:16,957 - 0716:         Xerneas = Xerneas
2023-03-05 19:36:18,335 - 0717:         Yveltal = Yveltal
2023-03-05 19:36:19,385 - 0718:         Zygarde = 50% Forme
2023-03-05 19:36:20,165 - 0718:         Zygarde = 10% Forme
2023-03-05 19:36:20,597 - 0718:         Zygarde = Complete Forme
2023-03-05 19:36:21,570 - 0719:         Diancie = Diancie
2023-03-05 19:36:22,108 - 0719:         Diancie = Mega Diancie
2023-03-05 19:36:23,110 - 0720:           Hoopa = Hoopa Confined
2023-03-05 19:36:23,882 - 0720:           Hoopa = Hoopa Unbound
2023-03-05 19:36:25,025 - 0721:       Volcanion = Volcanion
2023-03-05 19:36:26,039 - 0722:          Rowlet = Rowlet
2023-03-05 19:36:27,245 - 0723:         Dartrix = Dartrix
2023-03-05 19:36:28,667 - 0724:       Decidueye = Decidueye
2023-03-05 19:36:29,451 - 0724:       Decidueye = Hisuian Decidueye
2023-03-05 19:36:30,382 - 0725:          Litten = Litten
2023-03-05 19:36:31,602 - 0726:        Torracat = Torracat
2023-03-05 19:36:32,951 - 0727:      Incineroar = Incineroar
2023-03-05 19:36:34,279 - 0728:         Popplio = Popplio
2023-03-05 19:36:35,501 - 0729:         Brionne = Brionne
2023-03-05 19:36:36,423 - 0730:       Primarina = Primarina
2023-03-05 19:36:37,753 - 0731:         Pikipek = Pikipek
2023-03-05 19:36:39,121 - 0732:        Trumbeak = Trumbeak
2023-03-05 19:36:40,492 - 0733:       Toucannon = Toucannon
2023-03-05 19:36:41,683 - 0734:         Yungoos = Yungoos
2023-03-05 19:36:42,923 - 0735:        Gumshoos = Gumshoos
2023-03-05 19:36:44,196 - 0736:         Grubbin = Grubbin
2023-03-05 19:36:45,459 - 0737:       Charjabug = Charjabug
2023-03-05 19:36:46,766 - 0738:        Vikavolt = Vikavolt
2023-03-05 19:36:48,051 - 0739:      Crabrawler = Crabrawler
2023-03-05 19:36:48,898 - 0740:    Crabominable = Crabominable
2023-03-05 19:36:50,277 - 0741:        Oricorio = Baile Style
2023-03-05 19:36:51,059 - 0741:        Oricorio = Pom-Pom Style
2023-03-05 19:36:51,484 - 0741:        Oricorio = Pa'u Style
2023-03-05 19:36:51,927 - 0741:        Oricorio = Sensu Style
2023-03-05 19:36:53,111 - 0742:        Cutiefly = Cutiefly
2023-03-05 19:36:54,289 - 0743:        Ribombee = Ribombee
2023-03-05 19:36:55,319 - 0744:        Rockruff = Rockruff
2023-03-05 19:36:56,091 - 0744:        Rockruff = Own Tempo Rockruff
2023-03-05 19:36:57,012 - 0745:        Lycanroc = Midday Form
2023-03-05 19:36:57,719 - 0745:        Lycanroc = Midnight Form
2023-03-05 19:36:58,190 - 0745:        Lycanroc = Dusk Form
2023-03-05 19:36:59,447 - 0746:      Wishiwashi = Solo Form
2023-03-05 19:37:00,008 - 0746:      Wishiwashi = School Form
2023-03-05 19:37:01,030 - 0747:        Mareanie = Mareanie
2023-03-05 19:37:01,902 - 0748:         Toxapex = Toxapex
2023-03-05 19:37:02,856 - 0749:         Mudbray = Mudbray
2023-03-05 19:37:03,817 - 0750:        Mudsdale = Mudsdale
2023-03-05 19:37:05,126 - 0751:        Dewpider = Dewpider
2023-03-05 19:37:06,471 - 0752:       Araquanid = Araquanid
2023-03-05 19:37:07,582 - 0753:        Fomantis = Fomantis
2023-03-05 19:37:08,790 - 0754:        Lurantis = Lurantis
2023-03-05 19:37:10,003 - 0755:        Morelull = Morelull
2023-03-05 19:37:11,269 - 0756:       Shiinotic = Shiinotic
2023-03-05 19:37:12,584 - 0757:        Salandit = Salandit
2023-03-05 19:37:13,567 - 0758:        Salazzle = Salazzle
2023-03-05 19:37:14,911 - 0759:         Stufful = Stufful
2023-03-05 19:37:16,191 - 0760:          Bewear = Bewear
2023-03-05 19:37:17,120 - 0761:       Bounsweet = Bounsweet
2023-03-05 19:37:18,474 - 0762:         Steenee = Steenee
2023-03-05 19:37:19,418 - 0763:        Tsareena = Tsareena
2023-03-05 19:37:20,342 - 0764:          Comfey = Comfey
2023-03-05 19:37:21,561 - 0765:        Oranguru = Oranguru
2023-03-05 19:37:22,820 - 0766:       Passimian = Passimian
2023-03-05 19:37:24,144 - 0767:          Wimpod = Wimpod
2023-03-05 19:37:25,415 - 0768:       Golisopod = Golisopod
2023-03-05 19:37:26,628 - 0769:       Sandygast = Sandygast
2023-03-05 19:37:27,831 - 0770:       Palossand = Palossand
2023-03-05 19:37:29,074 - 0771:       Pyukumuku = Pyukumuku
2023-03-05 19:37:30,024 - 0772:      Type: Null = Type: Null
2023-03-05 19:37:30,982 - 0773:        Silvally = Silvally
2023-03-05 19:37:32,308 - 0774:          Minior = Meteor Form
2023-03-05 19:37:32,847 - 0774:          Minior = Core Form
2023-03-05 19:37:33,678 - 0775:          Komala = Komala
2023-03-05 19:37:34,977 - 0776:      Turtonator = Turtonator
2023-03-05 19:37:35,947 - 0777:      Togedemaru = Togedemaru
2023-03-05 19:37:37,209 - 0778:         Mimikyu = Mimikyu
2023-03-05 19:37:38,450 - 0779:         Bruxish = Bruxish
2023-03-05 19:37:39,727 - 0780:          Drampa = Drampa
2023-03-05 19:37:40,864 - 0781:        Dhelmise = Dhelmise
2023-03-05 19:37:41,758 - 0782:        Jangmo-O = Jangmo-O
2023-03-05 19:37:43,066 - 0783:        Hakamo-O = Hakamo-O
2023-03-05 19:37:43,877 - 0784:         Kommo-O = Kommo-O
2023-03-05 19:37:44,790 - 0785:       Tapu Koko = Tapu Koko
2023-03-05 19:37:45,759 - 0786:       Tapu Lele = Tapu Lele
2023-03-05 19:37:46,698 - 0787:       Tapu Bulu = Tapu Bulu
2023-03-05 19:37:47,656 - 0788:       Tapu Fini = Tapu Fini
2023-03-05 19:37:48,935 - 0789:          Cosmog = Cosmog
2023-03-05 19:37:50,484 - 0790:         Cosmoem = Cosmoem
2023-03-05 19:37:51,402 - 0791:        Solgaleo = Solgaleo
2023-03-05 19:37:52,767 - 0792:          Lunala = Lunala
2023-03-05 19:37:54,012 - 0793:        Nihilego = Nihilego
2023-03-05 19:37:55,008 - 0794:        Buzzwole = Buzzwole
2023-03-05 19:37:56,301 - 0795:       Pheromosa = Pheromosa
2023-03-05 19:37:57,534 - 0796:       Xurkitree = Xurkitree
2023-03-05 19:37:58,815 - 0797:      Celesteela = Celesteela
2023-03-05 19:38:02,113 - 0798:         Kartana = Kartana
2023-03-05 19:38:03,040 - 0799:        Guzzlord = Guzzlord
2023-03-05 19:38:04,009 - 0800:        Necrozma = Necrozma
2023-03-05 19:38:04,543 - 0800:        Necrozma = Dusk Mane Necrozma
2023-03-05 19:38:05,171 - 0800:        Necrozma = Dawn Wings Necrozma
2023-03-05 19:38:05,626 - 0800:        Necrozma = Ultra Necrozma
2023-03-05 19:38:07,766 - 0801:        Magearna = Magearna
2023-03-05 19:38:08,555 - 0802:       Marshadow = Marshadow
2023-03-05 19:38:09,808 - 0803:         Poipole = Poipole
2023-03-05 19:38:11,113 - 0804:       Naganadel = Naganadel
2023-03-05 19:38:12,410 - 0805:       Stakataka = Stakataka
2023-03-05 19:38:13,641 - 0806:     Blacephalon = Blacephalon
2023-03-05 19:38:14,597 - 0807:         Zeraora = Zeraora
2023-03-05 19:38:15,810 - 0808:          Meltan = Meltan
2023-03-05 19:38:16,851 - 0809:        Melmetal = Melmetal
2023-03-05 19:38:17,837 - 0810:         Grookey = Grookey
2023-03-05 19:38:19,189 - 0811:        Thwackey = Thwackey
2023-03-05 19:38:20,153 - 0812:       Rillaboom = Rillaboom
2023-03-05 19:38:21,404 - 0813:       Scorbunny = Scorbunny
2023-03-05 19:38:22,741 - 0814:          Raboot = Raboot
2023-03-05 19:38:24,044 - 0815:       Cinderace = Cinderace
2023-03-05 19:38:25,374 - 0816:          Sobble = Sobble
2023-03-05 19:38:26,700 - 0817:        Drizzile = Drizzile
2023-03-05 19:38:27,665 - 0818:        Inteleon = Inteleon
2023-03-05 19:38:28,687 - 0819:         Skwovet = Skwovet
2023-03-05 19:38:29,997 - 0820:        Greedent = Greedent
2023-03-05 19:38:31,134 - 0821:        Rookidee = Rookidee
2023-03-05 19:38:32,072 - 0822:     Corvisquire = Corvisquire
2023-03-05 19:38:33,006 - 0823:     Corviknight = Corviknight
2023-03-05 19:38:33,917 - 0824:         Blipbug = Blipbug
2023-03-05 19:38:34,897 - 0825:         Dottler = Dottler
2023-03-05 19:38:35,819 - 0826:        Orbeetle = Orbeetle
2023-03-05 19:38:36,780 - 0827:          Nickit = Nickit
2023-03-05 19:38:37,862 - 0828:         Thievul = Thievul
2023-03-05 19:38:38,803 - 0829:      Gossifleur = Gossifleur
2023-03-05 19:38:39,695 - 0830:        Eldegoss = Eldegoss
2023-03-05 19:38:40,635 - 0831:          Wooloo = Wooloo
2023-03-05 19:38:41,561 - 0832:         Dubwool = Dubwool
2023-03-05 19:38:42,496 - 0833:         Chewtle = Chewtle
2023-03-05 19:38:43,447 - 0834:         Drednaw = Drednaw
2023-03-05 19:38:44,348 - 0835:          Yamper = Yamper
2023-03-05 19:38:45,278 - 0836:         Boltund = Boltund
2023-03-05 19:38:46,252 - 0837:        Rolycoly = Rolycoly
2023-03-05 19:38:47,196 - 0838:          Carkol = Carkol
2023-03-05 19:38:48,084 - 0839:       Coalossal = Coalossal
2023-03-05 19:38:48,968 - 0840:          Applin = Applin
2023-03-05 19:38:49,926 - 0841:         Flapple = Flapple
2023-03-05 19:38:50,866 - 0842:        Appletun = Appletun
2023-03-05 19:38:51,831 - 0843:       Silicobra = Silicobra
2023-03-05 19:38:52,744 - 0844:      Sandaconda = Sandaconda
2023-03-05 19:38:53,649 - 0845:       Cramorant = Cramorant
2023-03-05 19:38:54,615 - 0846:        Arrokuda = Arrokuda
2023-03-05 19:38:55,549 - 0847:     Barraskewda = Barraskewda
2023-03-05 19:38:56,488 - 0848:           Toxel = Toxel
2023-03-05 19:38:57,488 - 0849:      Toxtricity = Amped Form
2023-03-05 19:38:58,262 - 0849:      Toxtricity = Low Key Form
2023-03-05 19:38:59,118 - 0850:      Sizzlipede = Sizzlipede
2023-03-05 19:38:59,923 - 0851:     Centiskorch = Centiskorch
2023-03-05 19:39:01,205 - 0852:       Clobbopus = Clobbopus
2023-03-05 19:39:02,448 - 0853:       Grapploct = Grapploct
2023-03-05 19:39:03,686 - 0854:        Sinistea = Sinistea
2023-03-05 19:39:04,987 - 0855:     Polteageist = Polteageist
2023-03-05 19:39:06,253 - 0856:         Hatenna = Hatenna
2023-03-05 19:39:07,121 - 0857:         Hattrem = Hattrem
2023-03-05 19:39:08,088 - 0858:       Hatterene = Hatterene
2023-03-05 19:39:09,060 - 0859:        Impidimp = Impidimp
2023-03-05 19:39:09,944 - 0860:         Morgrem = Morgrem
2023-03-05 19:39:10,821 - 0861:      Grimmsnarl = Grimmsnarl
2023-03-05 19:39:12,063 - 0862:       Obstagoon = Obstagoon
2023-03-05 19:39:12,860 - 0863:      Perrserker = Perrserker
2023-03-05 19:39:13,678 - 0864:         Cursola = Cursola
2023-03-05 19:39:14,635 - 0865:      Sirfetch'D = Sirfetch'D
2023-03-05 19:39:15,628 - 0866:        Mr. Rime = Mr. Rime
2023-03-05 19:39:16,573 - 0867:       Runerigus = Runerigus
2023-03-05 19:39:17,540 - 0868:         Milcery = Milcery
2023-03-05 19:39:18,344 - 0869:        Alcremie = Alcremie
2023-03-05 19:39:19,233 - 0870:         Falinks = Falinks
2023-03-05 19:39:20,198 - 0871:      Pincurchin = Pincurchin
2023-03-05 19:39:21,182 - 0872:            Snom = Snom
2023-03-05 19:39:21,979 - 0873:        Frosmoth = Frosmoth
2023-03-05 19:39:22,978 - 0874:     Stonjourner = Stonjourner
2023-03-05 19:39:23,977 - 0875:          Eiscue = Ice Face
2023-03-05 19:39:24,753 - 0875:          Eiscue = Noice Face
2023-03-05 19:39:26,336 - 0876:        Indeedee = Male
2023-03-05 19:39:26,898 - 0876:        Indeedee = Female
2023-03-05 19:39:27,887 - 0877:         Morpeko = Full Belly Mode
2023-03-05 19:39:28,448 - 0877:         Morpeko = Hangry Mode
2023-03-05 19:39:29,418 - 0878:          Cufant = Cufant
2023-03-05 19:39:30,368 - 0879:      Copperajah = Copperajah
2023-03-05 19:39:31,296 - 0880:       Dracozolt = Dracozolt
2023-03-05 19:39:32,470 - 0881:       Arctozolt = Arctozolt
2023-03-05 19:39:33,360 - 0882:       Dracovish = Dracovish
2023-03-05 19:39:34,186 - 0883:       Arctovish = Arctovish
2023-03-05 19:39:34,980 - 0884:       Duraludon = Duraludon
2023-03-05 19:39:35,889 - 0885:          Dreepy = Dreepy
2023-03-05 19:39:36,822 - 0886:        Drakloak = Drakloak
2023-03-05 19:39:37,760 - 0887:       Dragapult = Dragapult
2023-03-05 19:39:38,708 - 0888:          Zacian = Hero of Many Battles
2023-03-05 19:39:39,375 - 0888:          Zacian = Crowned Sword
2023-03-05 19:39:40,381 - 0889:       Zamazenta = Hero of Many Battles
2023-03-05 19:39:41,185 - 0889:       Zamazenta = Crowned Shield
2023-03-05 19:39:42,080 - 0890:       Eternatus = Eternatus
2023-03-05 19:39:42,852 - 0890:       Eternatus = Eternamax
2023-03-05 19:39:43,670 - 0891:           Kubfu = Kubfu
2023-03-05 19:39:44,606 - 0892:         Urshifu = Single Strike Style
2023-03-05 19:39:45,144 - 0892:         Urshifu = Rapid Strike Style
2023-03-05 19:39:45,902 - 0893:          Zarude = Zarude
2023-03-05 19:39:46,833 - 0894:       Regieleki = Regieleki
2023-03-05 19:39:47,676 - 0895:       Regidrago = Regidrago
2023-03-05 19:39:48,596 - 0896:       Glastrier = Glastrier
2023-03-05 19:39:49,504 - 0897:       Spectrier = Spectrier
2023-03-05 19:39:50,924 - 0898:         Calyrex = Calyrex
2023-03-05 19:39:51,568 - 0898:         Calyrex = Ice Rider
2023-03-05 19:39:52,060 - 0898:         Calyrex = Shadow Rider
2023-03-05 19:39:53,249 - 0899:         Wyrdeer = Wyrdeer
2023-03-05 19:39:54,132 - 0900:         Kleavor = Kleavor
2023-03-05 19:39:54,933 - 0901:        Ursaluna = Ursaluna
2023-03-05 19:39:56,306 - 0902:     Basculegion = Male
2023-03-05 19:39:56,858 - 0902:     Basculegion = Female
2023-03-05 19:39:58,243 - 0903:        Sneasler = Sneasler
2023-03-05 19:39:59,466 - 0904:        Overqwil = Overqwil
2023-03-05 19:40:00,999 - 0905:        Enamorus = Incarnate Forme
2023-03-05 19:40:01,615 - 0905:        Enamorus = Therian Forme
2023-03-05 19:40:02,947 - 0906:      Sprigatito = Sprigatito
2023-03-05 19:40:03,851 - 0907:       Floragato = Floragato
2023-03-05 19:40:05,060 - 0908:     Meowscarada = Meowscarada
2023-03-05 19:40:06,361 - 0909:         Fuecoco = Fuecoco
2023-03-05 19:40:07,325 - 0910:        Crocalor = Crocalor
2023-03-05 19:40:08,554 - 0911:      Skeledirge = Skeledirge
2023-03-05 19:40:09,827 - 0912:          Quaxly = Quaxly
2023-03-05 19:40:11,110 - 0913:        Quaxwell = Quaxwell
2023-03-05 19:40:12,362 - 0914:       Quaquaval = Quaquaval
2023-03-05 19:40:13,609 - 0915:         Lechonk = Lechonk
2023-03-05 19:40:14,614 - 0916:      Oinkologne = Male
2023-03-05 19:40:15,291 - 0916:      Oinkologne = Female
2023-03-05 19:40:16,156 - 0917:      Tarountula = Tarountula
2023-03-05 19:40:17,093 - 0918:         Spidops = Spidops
2023-03-05 19:40:18,055 - 0919:          Nymble = Nymble
2023-03-05 19:40:18,954 - 0920:           Lokix = Lokix
2023-03-05 19:40:23,456 - 0921:           Pawmi = Pawmi
2023-03-05 19:40:24,286 - 0922:           Pawmo = Pawmo
2023-03-05 19:40:25,070 - 0923:          Pawmot = Pawmot
2023-03-05 19:40:25,971 - 0924:       Tandemaus = Tandemaus
2023-03-05 19:40:27,005 - 0925:        Maushold = Family of Four
2023-03-05 19:40:27,726 - 0925:        Maushold = Family of Three
2023-03-05 19:40:28,590 - 0926:         Fidough = Fidough
2023-03-05 19:40:29,534 - 0927:        Dachsbun = Dachsbun
2023-03-05 19:40:30,520 - 0928:          Smoliv = Smoliv
2023-03-05 19:40:31,447 - 0929:          Dolliv = Dolliv
2023-03-05 19:40:32,360 - 0930:        Arboliva = Arboliva
2023-03-05 19:40:33,345 - 0931:    Squawkabilly = Green Plumage
2023-03-05 19:40:33,891 - 0931:    Squawkabilly = Blue Plumage
2023-03-05 19:40:34,508 - 0931:    Squawkabilly = Yellow Plumage
2023-03-05 19:40:34,931 - 0931:    Squawkabilly = White Plumage
2023-03-05 19:40:36,110 - 0932:           Nacli = Nacli
2023-03-05 19:40:37,351 - 0933:       Naclstack = Naclstack
2023-03-05 19:40:38,157 - 0934:       Garganacl = Garganacl
2023-03-05 19:40:39,037 - 0935:       Charcadet = Charcadet
2023-03-05 19:40:39,972 - 0936:       Armarouge = Armarouge
2023-03-05 19:40:41,314 - 0937:       Ceruledge = Ceruledge
2023-03-05 19:40:42,299 - 0938:         Tadbulb = Tadbulb
2023-03-05 19:40:55,662 - 0939:       Bellibolt = Bellibolt
2023-03-05 19:40:57,175 - 0940:         Wattrel = Wattrel
2023-03-05 19:40:58,276 - 0941:     Kilowattrel = Kilowattrel
2023-03-05 19:40:59,515 - 0942:        Maschiff = Maschiff
2023-03-05 19:41:00,671 - 0943:      Mabosstiff = Mabosstiff
2023-03-05 19:41:01,545 - 0944:        Shroodle = Shroodle
2023-03-05 19:41:02,338 - 0945:        Grafaiai = Grafaiai
2023-03-05 19:41:03,259 - 0946:        Bramblin = Bramblin
2023-03-05 19:41:04,221 - 0947:    Brambleghast = Brambleghast
2023-03-05 19:41:05,183 - 0948:       Toedscool = Toedscool
2023-03-05 19:41:06,121 - 0949:      Toedscruel = Toedscruel
2023-03-05 19:41:07,081 - 0950:           Klawf = Klawf
2023-03-05 19:41:08,362 - 0951:        Capsakid = Capsakid
2023-03-05 19:41:09,653 - 0952:      Scovillain = Scovillain
2023-03-05 19:41:10,562 - 0953:          Rellor = Rellor
2023-03-05 19:41:11,533 - 0954:          Rabsca = Rabsca
2023-03-05 19:41:12,445 - 0955:         Flittle = Flittle
2023-03-05 19:41:13,359 - 0956:        Espathra = Espathra
2023-03-05 19:41:14,261 - 0957:       Tinkatink = Tinkatink
2023-03-05 19:41:15,137 - 0958:       Tinkatuff = Tinkatuff
2023-03-05 19:41:16,092 - 0959:        Tinkaton = Tinkaton
2023-03-05 19:41:17,028 - 0960:         Wiglett = Wiglett
2023-03-05 19:41:17,856 - 0961:         Wugtrio = Wugtrio
2023-03-05 19:41:18,751 - 0962:      Bombirdier = Bombirdier
2023-03-05 19:41:19,646 - 0963:         Finizen = Finizen
2023-03-05 19:41:20,488 - 0964:         Palafin = Zero Form
2023-03-05 19:41:21,032 - 0964:         Palafin = Hero Form
2023-03-05 19:41:21,832 - 0965:          Varoom = Varoom
2023-03-05 19:41:22,768 - 0966:       Revavroom = Revavroom
2023-03-05 19:41:23,679 - 0967:        Cyclizar = Cyclizar
2023-03-05 19:41:24,698 - 0968:        Orthworm = Orthworm
2023-03-05 19:41:25,860 - 0969:         Glimmet = Glimmet
2023-03-05 19:41:27,096 - 0970:        Glimmora = Glimmora
2023-03-05 19:41:28,387 - 0971:        Greavard = Greavard
2023-03-05 19:41:29,322 - 0972:      Houndstone = Houndstone
2023-03-05 19:41:30,547 - 0973:         Flamigo = Flamigo
2023-03-05 19:41:31,850 - 0974:        Cetoddle = Cetoddle
2023-03-05 19:41:33,074 - 0975:         Cetitan = Cetitan
2023-03-05 19:41:34,369 - 0976:          Veluza = Veluza
2023-03-05 19:41:35,311 - 0977:         Dondozo = Dondozo
2023-03-05 19:41:36,255 - 0978:       Tatsugiri = Curly Form
2023-03-05 19:41:37,036 - 0978:       Tatsugiri = Droopy Form
2023-03-05 19:41:37,446 - 0978:       Tatsugiri = Stretchy Form
2023-03-05 19:41:38,291 - 0979:      Annihilape = Annihilape
2023-03-05 19:41:39,563 - 0980:        Clodsire = Clodsire
2023-03-05 19:41:40,719 - 0981:       Farigiraf = Farigiraf
2023-03-05 19:41:41,582 - 0982:     Dudunsparce = Two-Segment Form
2023-03-05 19:41:42,186 - 0982:     Dudunsparce = Three-Segment Form
2023-03-05 19:41:43,223 - 0983:       Kingambit = Kingambit
2023-03-05 19:41:44,018 - 0984:      Great Tusk = Great Tusk
2023-03-05 19:41:45,238 - 0985:     Scream Tail = Scream Tail
2023-03-05 19:41:46,362 - 0986:    Brute Bonnet = Brute Bonnet
2023-03-05 19:41:47,479 - 0987:    Flutter Mane = Flutter Mane
2023-03-05 19:41:48,725 - 0988:    Slither Wing = Slither Wing
2023-03-05 19:41:50,072 - 0989:    Sandy Shocks = Sandy Shocks
2023-03-05 19:41:51,003 - 0990:     Iron Treads = Iron Treads
2023-03-05 19:41:52,540 - 0991:     Iron Bundle = Iron Bundle
2023-03-05 19:41:53,824 - 0992:      Iron Hands = Iron Hands
2023-03-05 19:41:55,100 - 0993:    Iron Jugulis = Iron Jugulis
2023-03-05 19:41:56,381 - 0994:       Iron Moth = Iron Moth
2023-03-05 19:41:57,597 - 0995:     Iron Thorns = Iron Thorns
2023-03-05 19:41:58,832 - 0996:        Frigibax = Frigibax
2023-03-05 19:42:00,119 - 0997:        Arctibax = Arctibax
2023-03-05 19:42:01,353 - 0998:      Baxcalibur = Baxcalibur
2023-03-05 19:42:02,325 - 0999:      Gimmighoul = Chest Form
2023-03-05 19:42:02,863 - 0999:      Gimmighoul = Roaming Form
2023-03-05 19:42:03,947 - 1000:       Gholdengo = Gholdengo
2023-03-05 19:42:04,861 - 1001:        Wo-Chien = Wo-Chien
2023-03-05 19:42:05,801 - 1002:       Chien-Pao = Chien-Pao
2023-03-05 19:42:06,702 - 1003:         Ting-Lu = Ting-Lu
2023-03-05 19:42:07,681 - 1004:          Chi-Yu = Chi-Yu
2023-03-05 19:42:08,635 - 1005:    Roaring Moon = Roaring Moon
2023-03-05 19:42:09,425 - 1006:    Iron Valiant = Iron Valiant
2023-03-05 19:42:10,312 - 1007:        Koraidon = Koraidon
2023-03-05 19:42:11,233 - 1008:        Miraidon = Miraidon
2023-03-05 19:42:12,461 - 1009:    Walking Wake = Walking Wake
2023-03-05 19:42:13,378 - 1010:     Iron Leaves = Iron Leaves
2023-03-05 19:42:14,854 - Excel file created at "data/pokemon.xlsx"
2023-03-05 19:42:14,855 - END
